2020-01-03 18:42:33.948 [main] INFO  com.pan.love.LoveApplication : Starting LoveApplication on LAPTOP-0G7456OC with PID 25004 (D:\sendi\git\project\love\target\classes started by 89362 in D:\sendi\git\project\love)
2020-01-03 18:42:33.952 [main] DEBUG com.pan.love.LoveApplication : Running with Spring Boot v2.1.9.RELEASE, Spring v5.1.10.RELEASE
2020-01-03 18:42:33.953 [main] INFO  com.pan.love.LoveApplication : No active profile set, falling back to default profiles: default
2020-01-03 18:42:35.118 [main] INFO  o.s.d.r.config.RepositoryConfigurationDelegate : Multiple Spring Data modules found, entering strict repository configuration mode!
2020-01-03 18:42:35.120 [main] INFO  o.s.d.r.config.RepositoryConfigurationDelegate : Bootstrapping Spring Data repositories in DEFAULT mode.
2020-01-03 18:42:35.164 [main] INFO  o.s.d.r.config.RepositoryConfigurationDelegate : Finished Spring Data repository scanning in 27ms. Found 0 repository interfaces.
2020-01-03 18:42:35.562 [main] INFO  o.s.c.s.PostProcessorRegistrationDelegate$BeanPostProcessorChecker : Bean 'org.springframework.transaction.annotation.ProxyTransactionManagementConfiguration' of type [org.springframework.transaction.annotation.ProxyTransactionManagementConfiguration$$EnhancerBySpringCGLIB$$e753e9c6] is not eligible for getting processed by all BeanPostProcessors (for example: not eligible for auto-proxying)
2020-01-03 18:42:35.991 [main] INFO  o.s.boot.web.embedded.tomcat.TomcatWebServer : Tomcat initialized with port(s): 15001 (http)
2020-01-03 18:42:36.002 [main] INFO  org.apache.coyote.http11.Http11NioProtocol : Initializing ProtocolHandler ["http-nio-15001"]
2020-01-03 18:42:36.009 [main] INFO  org.apache.catalina.core.StandardService : Starting service [Tomcat]
2020-01-03 18:42:36.009 [main] INFO  org.apache.catalina.core.StandardEngine : Starting Servlet engine: [Apache Tomcat/9.0.26]
2020-01-03 18:42:36.116 [main] INFO  o.a.c.core.ContainerBase.[Tomcat].[localhost].[/] : Initializing Spring embedded WebApplicationContext
2020-01-03 18:42:36.117 [main] INFO  org.springframework.web.context.ContextLoader : Root WebApplicationContext: initialization completed in 2108 ms
2020-01-03 18:42:36.833 [main] INFO  s.d.s.w.PropertySourcedRequestMappingHandlerMapping : Mapped URL path [/v2/api-docs] onto method [public org.springframework.http.ResponseEntity<springfox.documentation.spring.web.json.Json> springfox.documentation.swagger2.web.Swagger2Controller.getDocumentation(java.lang.String,javax.servlet.http.HttpServletRequest)]
2020-01-03 18:42:37.001 [main] INFO  o.s.scheduling.concurrent.ThreadPoolTaskExecutor : Initializing ExecutorService 'applicationTaskExecutor'
2020-01-03 18:42:37.540 [main] INFO  s.d.s.web.plugins.DocumentationPluginsBootstrapper : Context refreshed
2020-01-03 18:42:37.554 [main] INFO  s.d.s.web.plugins.DocumentationPluginsBootstrapper : Found 1 custom documentation plugin(s)
2020-01-03 18:42:37.581 [main] INFO  s.d.spring.web.scanners.ApiListingReferenceScanner : Scanning for api listing references
2020-01-03 18:42:37.701 [main] INFO  org.apache.coyote.http11.Http11NioProtocol : Starting ProtocolHandler ["http-nio-15001"]
2020-01-03 18:42:37.722 [main] INFO  o.s.boot.web.embedded.tomcat.TomcatWebServer : Tomcat started on port(s): 15001 (http) with context path ''
2020-01-03 18:42:37.724 [main] INFO  com.pan.love.LoveApplication : Started LoveApplication in 4.243 seconds (JVM running for 6.187)
